


ARM Macro Assembler    Page 1 


    1 00000000         ;simple_example
    2 00000000                 PRESERVE8                    ;è¡¨ç¤ºè¿™é‡Œçš„ä»£
                                                            ç éœ€è¦åŒå­—æ ˆå
                                                            ¯¹é½
    3 00000000                 THUMB                        ;è¡¨ç¤ºä½¿ç”¨çš„æ˜¯
                                                            THUMBä»£ç 
    4 00000000                 AREA             |.text|,CODE,READONLY 
                                                            ;CODEåŒºåŸŸèµ·å§‹
    5 00000000                 EXPORT           _main
    6 00000000                 ENTRY                        ;mainå‡½æ•°å…¥å£
    7 00000000         _main   FUNCTION
    8 00000000         ;;åˆå§‹åŒ–å¯„å­˜å™¨
    9 00000000         ;MOV r0,#10  ;åˆå§‹åŒ–å¾ªç¯è®¡æ•°å™¨
   10 00000000         ;MOV r1,#0   ;åˆå§‹åŒ–ç»“æœ
   11 00000000         ;;è®¡ç®—10+9+8+...+1
   12 00000000         ;loop
   13 00000000         ;ADD r1,r0   ;R1=R1 + R0
   14 00000000         ;SUBS r0,#1  ;å‡å°R0ï¼Œæ›´æ–°æ ‡å¿—("S"åç¼€)
   15 00000000         ;BNE loop    ;è‹¥ç»“æœé0ï¼Œåˆ™è·³åˆ°loopï¼Œç»“æœä½ä
                       ºR1ä¸­
   16 00000000         ;deadloop
   17 00000000         ;B deadloop  ;æ— é™å¾ªç¯
   18 00000000                 ENDFUNC
   19 00000000                 END                          ;æ–‡ä»¶ç»“æŸ
Command Line: --debug --xref --diag_suppress=9931 --cpu=Cortex-M4.fp --apcs=int
erwork --depend=stm32f4xx-nucleo\simple_example.d -ostm32f4xx-nucleo\simple_exa
mple.o -I..\ASM\s -I..\ASM\sct -IF:\GitHub_Repositories\learn-nucleo-stm32f401r
e\learn_nucleo-f401re\MDK-ARM\RTE -IC:\C_installContent\keilPack\ARM\CMSIS\4.5.
0\CMSIS\Include -IC:\C_installContent\keilPack\Keil\STM32F4xx_DFP\2.11.0\Driver
s\CMSIS\Device\ST\STM32F4xx\Include --predefine="__UVISION_VERSION SETA 521" --
predefine="_RTE_ SETA 1" --predefine="STM32F401xE SETA 1" --list=simple_example
.lst ..\ASM\s\simple_example.s



ARM Macro Assembler    Page 1 Alphabetic symbol ordering
Relocatable symbols

.text 00000000

Symbol: .text
   Definitions
      At line 4 in file ..\ASM\s\simple_example.s
   Uses
      None
Comment: .text unused
_main 00000000

Symbol: _main
   Definitions
      At line 7 in file ..\ASM\s\simple_example.s
   Uses
      At line 5 in file ..\ASM\s\simple_example.s
Comment: _main used once
2 symbols
335 symbols in table
